d:\dxutprog\dxut11demo\debug\vc141.pdb
d:\dxutprog\dxut11demo\debug\vc141.idb
d:\dxutprog\dxut11demo\debug\bezierscene.obj
d:\dxutprog\dxut11demo\debug\imgui_widgets.obj
d:\dxutprog\dxut11demo\debug\imgui_impl_win32.obj
d:\dxutprog\dxut11demo\debug\imgui_impl_dx11.obj
d:\dxutprog\dxut11demo\debug\imgui_draw.obj
d:\dxutprog\dxut11demo\debug\imgui_demo.obj
d:\dxutprog\dxut11demo\debug\imgui.obj
d:\dxutprog\dxut11demo\debug\dynamicscene.obj
d:\dxutprog\dxut11demo\debug\defaultscene.obj
d:\dxutprog\dxut11demo\debug\basefx11.obj
d:\dxutprog\dxut11demo\debug\scene.obj
d:\dxutprog\dxut11demo\debug\multithreadscene.obj
d:\dxutprog\dxut11demo\debug\misc.obj
d:\dxutprog\dxut11demo\debug\gemotry.obj
d:\dxutprog\dxut11demo\debug\cityscene.obj
d:\dxutprog\dxut11demo\debug\dx11demo.pch
d:\dxutprog\dxut11demo\debug\emptyproject11.obj
d:\dxutprog\dxut11demo\debug\deferredrendering.obj
d:\dxutprog\dxut11demo\debug\dx11demo.exe
d:\dxutprog\dxut11demo\debug\dx11demo.ilk
d:\dxutprog\dxut11demo\debug\dx11demo.pdb
d:\dxutprog\dxut11demo\debug\sphere.cmo
c:\programdata\nvidia corporation\drs\nvapptimestamps
d:\dxutprog\dxut11demo\debug\emptyproject11.res
d:\dxutprog\dxut11demo\debug\dx11demo.tlog\cl.command.1.tlog
d:\dxutprog\dxut11demo\debug\dx11demo.tlog\cl.read.1.tlog
d:\dxutprog\dxut11demo\debug\dx11demo.tlog\cl.write.1.tlog
d:\dxutprog\dxut11demo\debug\dx11demo.tlog\custombuild.command.1.tlog
d:\dxutprog\dxut11demo\debug\dx11demo.tlog\custombuild.read.1.tlog
d:\dxutprog\dxut11demo\debug\dx11demo.tlog\custombuild.write.1.tlog
d:\dxutprog\dxut11demo\debug\dx11demo.tlog\fxc.command.1.tlog
d:\dxutprog\dxut11demo\debug\dx11demo.tlog\link.command.1.tlog
d:\dxutprog\dxut11demo\debug\dx11demo.tlog\link.read.1.tlog
d:\dxutprog\dxut11demo\debug\dx11demo.tlog\link.write.1.tlog
d:\dxutprog\dxut11demo\debug\dx11demo.tlog\meshcontenttask-vsgraphics.read.1.tlog
d:\dxutprog\dxut11demo\debug\dx11demo.tlog\meshcontenttask-vsgraphics.read.3.tlog
d:\dxutprog\dxut11demo\debug\dx11demo.tlog\meshcontenttask-vsgraphics.write.1.tlog
d:\dxutprog\dxut11demo\debug\dx11demo.tlog\meshcontenttask-vsgraphics.write.3.tlog
d:\dxutprog\dxut11demo\debug\dx11demo.tlog\rc.command.1.tlog
d:\dxutprog\dxut11demo\debug\dx11demo.tlog\rc.read.1.tlog
d:\dxutprog\dxut11demo\debug\dx11demo.tlog\rc.write.1.tlog
